#
# There is insufficient memory for the Java Runtime Environment to continue.
# Native memory allocation (malloc) failed to allocate 1250736 bytes for Chunk::new
# Possible reasons:
#   The system is out of physical RAM or swap space
#   The process is running with CompressedOops enabled, and the Java Heap may be blocking the growth of the native heap
# Possible solutions:
#   Reduce memory load on the system
#   Increase physical memory or swap space
#   Check if swap backing store is full
#   Decrease Java heap size (-Xmx/-Xms)
#   Decrease number of Java threads
#   Decrease Java thread stack sizes (-Xss)
#   Set larger code cache with -XX:ReservedCodeCacheSize=
#   JVM is running with Unscaled Compressed Oops mode in which the Java heap is
#     placed in the first 4GB address space. The Java Heap base address is the
#     maximum limit for the native heap growth. Please use -XX:HeapBaseMinAddress
#     to set the Java Heap base and to place the Java Heap above 4GB virtual address.
# This output file may be truncated or incomplete.
#
#  Out of Memory Error (arena.cpp:189), pid=1676, tid=25656
#
# JRE version: OpenJDK Runtime Environment (17.0.6) (build 17.0.6+0-b2043.56-10027231)
# Java VM: OpenJDK 64-Bit Server VM (17.0.6+0-b2043.56-10027231, mixed mode, tiered, compressed oops, compressed class ptrs, g1 gc, windows-amd64)
# No core dump will be written. Minidumps are not enabled by default on client versions of Windows
#

---------------  S U M M A R Y ------------

Command Line: --add-opens=java.base/java.util=ALL-UNNAMED --add-opens=java.base/java.lang=ALL-UNNAMED --add-opens=java.base/java.lang.invoke=ALL-UNNAMED --add-opens=java.prefs/java.util.prefs=ALL-UNNAMED --add-opens=java.base/java.nio.charset=ALL-UNNAMED --add-opens=java.base/java.net=ALL-UNNAMED --add-opens=java.base/java.util.concurrent.atomic=ALL-UNNAMED -Xmx2048m -Dfile.encoding=UTF-8 -Duser.country=US -Duser.language=en -Duser.variant org.gradle.launcher.daemon.bootstrap.GradleDaemon 8.0

Host: Intel(R) Core(TM) i5-1035G1 CPU @ 1.00GHz, 8 cores, 3G,  Windows 11 , 64 bit Build 22621 (10.0.22621.2215)
Time: Fri Oct  6 15:26:39 2023 SE Asia Standard Time elapsed time: 18.016066 seconds (0d 0h 0m 18s)

---------------  T H R E A D  ---------------

Current thread (0x0000024b28055c30):  JavaThread "C2 CompilerThread0" daemon [_thread_in_native, id=25656, stack(0x000000f7c5d00000,0x000000f7c5e00000)]


Current CompileTask:
C2:  18016 2989   !   4       java.net.URL::<init> (543 bytes)

Stack: [0x000000f7c5d00000,0x000000f7c5e00000]
Native frames: (J=compiled Java code, j=interpreted, Vv=VM code, C=native code)
V  [jvm.dll+0x683c9a]
V  [jvm.dll+0x8427a4]
V  [jvm.dll+0x843f9e]
V  [jvm.dll+0x844603]
V  [jvm.dll+0x249b75]
V  [jvm.dll+0xabcac]
V  [jvm.dll+0xac27c]
V  [jvm.dll+0x368802]
V  [jvm.dll+0x332f31]
V  [jvm.dll+0x3323da]
V  [jvm.dll+0x21c201]
V  [jvm.dll+0x21b621]
V  [jvm.dll+0x1a4fdd]
V  [jvm.dll+0x22b098]
V  [jvm.dll+0x229159]
V  [jvm.dll+0x7f81ec]
V  [jvm.dll+0x7f274a]
V  [jvm.dll+0x682ad5]
C  [ucrtbase.dll+0x29363]
C  [KERNEL32.DLL+0x1257d]
C  [ntdll.dll+0x5aa68]


---------------  P R O C E S S  ---------------

Threads class SMR info:
_java_thread_list=0x0000024b2a6c6ea0, length=41, elements={
0x0000024b0d729590, 0x0000024b2737d520, 0x0000024b2737e0d0, 0x0000024b280375e0,
0x0000024b28047680, 0x0000024b28048130, 0x0000024b2804c720, 0x0000024b28055c30,
0x0000024b28059fe0, 0x0000024b2805a9d0, 0x0000024b281bb680, 0x0000024b281bbf50,
0x0000024b29a9d040, 0x0000024b2974cef0, 0x0000024b29392100, 0x0000024b28fc6460,
0x0000024b2957a920, 0x0000024b282681c0, 0x0000024b2991c660, 0x0000024b2991cb30,
0x0000024b2991d000, 0x0000024b29a98a10, 0x0000024b29a993b0, 0x0000024b29a98ee0,
0x0000024b29a9ba30, 0x0000024b29a9b560, 0x0000024b29a9a6f0, 0x0000024b29a98540,
0x0000024b29a9abc0, 0x0000024b29a99880, 0x0000024b29a99d50, 0x0000024b2ad6c460,
0x0000024b2ad707c0, 0x0000024b2ad71b00, 0x0000024b2ad6f950, 0x0000024b2ad6d2d0,
0x0000024b2ad71630, 0x0000024b2ad6fe20, 0x0000024b2ad6ac50, 0x0000024b2ad6d7a0,
0x0000024b2ad6c930
}

Java Threads: ( => current thread )
  0x0000024b0d729590 JavaThread "main" [_thread_blocked, id=22176, stack(0x000000f7c5000000,0x000000f7c5100000)]
  0x0000024b2737d520 JavaThread "Reference Handler" daemon [_thread_blocked, id=19344, stack(0x000000f7c5700000,0x000000f7c5800000)]
  0x0000024b2737e0d0 JavaThread "Finalizer" daemon [_thread_blocked, id=380, stack(0x000000f7c5800000,0x000000f7c5900000)]
  0x0000024b280375e0 JavaThread "Signal Dispatcher" daemon [_thread_blocked, id=21640, stack(0x000000f7c5900000,0x000000f7c5a00000)]
  0x0000024b28047680 JavaThread "Attach Listener" daemon [_thread_blocked, id=17092, stack(0x000000f7c5a00000,0x000000f7c5b00000)]
  0x0000024b28048130 JavaThread "Service Thread" daemon [_thread_blocked, id=6668, stack(0x000000f7c5b00000,0x000000f7c5c00000)]
  0x0000024b2804c720 JavaThread "Monitor Deflation Thread" daemon [_thread_blocked, id=11660, stack(0x000000f7c5c00000,0x000000f7c5d00000)]
=>0x0000024b28055c30 JavaThread "C2 CompilerThread0" daemon [_thread_in_native, id=25656, stack(0x000000f7c5d00000,0x000000f7c5e00000)]
  0x0000024b28059fe0 JavaThread "C1 CompilerThread0" daemon [_thread_blocked, id=14320, stack(0x000000f7c5e00000,0x000000f7c5f00000)]
  0x0000024b2805a9d0 JavaThread "Sweeper thread" daemon [_thread_blocked, id=16976, stack(0x000000f7c5f00000,0x000000f7c6000000)]
  0x0000024b281bb680 JavaThread "Common-Cleaner" daemon [_thread_blocked, id=21052, stack(0x000000f7c6000000,0x000000f7c6100000)]
  0x0000024b281bbf50 JavaThread "Notification Thread" daemon [_thread_blocked, id=22272, stack(0x000000f7c6100000,0x000000f7c6200000)]
  0x0000024b29a9d040 JavaThread "Daemon health stats" [_thread_blocked, id=25008, stack(0x000000f7c6700000,0x000000f7c6800000)]
  0x0000024b2974cef0 JavaThread "Incoming local TCP Connector on port 64817" [_thread_in_native, id=19200, stack(0x000000f7c6800000,0x000000f7c6900000)]
  0x0000024b29392100 JavaThread "Daemon periodic checks" [_thread_blocked, id=25700, stack(0x000000f7c6c00000,0x000000f7c6d00000)]
  0x0000024b28fc6460 JavaThread "Daemon" [_thread_blocked, id=22996, stack(0x000000f7c6d00000,0x000000f7c6e00000)]
  0x0000024b2957a920 JavaThread "Handler for socket connection from /127.0.0.1:64817 to /127.0.0.1:64818" [_thread_in_native, id=17324, stack(0x000000f7c6e00000,0x000000f7c6f00000)]
  0x0000024b282681c0 JavaThread "Cancel handler" [_thread_blocked, id=18176, stack(0x000000f7c6f00000,0x000000f7c7000000)]
  0x0000024b2991c660 JavaThread "Daemon worker" [_thread_in_native, id=16540, stack(0x000000f7c7000000,0x000000f7c7100000)]
  0x0000024b2991cb30 JavaThread "Asynchronous log dispatcher for DefaultDaemonConnection: socket connection from /127.0.0.1:64817 to /127.0.0.1:64818" [_thread_blocked, id=10264, stack(0x000000f7c7100000,0x000000f7c7200000)]
  0x0000024b2991d000 JavaThread "Stdin handler" [_thread_blocked, id=9268, stack(0x000000f7c7200000,0x000000f7c7300000)]
  0x0000024b29a98a10 JavaThread "Daemon client event forwarder" [_thread_blocked, id=25508, stack(0x000000f7c7300000,0x000000f7c7400000)]
  0x0000024b29a993b0 JavaThread "Cache worker for journal cache (C:\Users\tuank\.gradle\caches\journal-1)" [_thread_blocked, id=18820, stack(0x000000f7c7500000,0x000000f7c7600000)]
  0x0000024b29a98ee0 JavaThread "File lock request listener" [_thread_in_native, id=13628, stack(0x000000f7c7600000,0x000000f7c7700000)]
  0x0000024b29a9ba30 JavaThread "Cache worker for file hash cache (C:\Users\tuank\.gradle\caches\8.0\fileHashes)" [_thread_blocked, id=16872, stack(0x000000f7c7700000,0x000000f7c7800000)]
  0x0000024b29a9b560 JavaThread "File watcher server" daemon [_thread_in_native, id=26464, stack(0x000000f7c7800000,0x000000f7c7900000)]
  0x0000024b29a9a6f0 JavaThread "File watcher consumer" daemon [_thread_blocked, id=27420, stack(0x000000f7c7900000,0x000000f7c7a00000)]
  0x0000024b29a98540 JavaThread "jar transforms" [_thread_blocked, id=20708, stack(0x000000f7c7a00000,0x000000f7c7b00000)]
  0x0000024b29a9abc0 JavaThread "jar transforms Thread 2" [_thread_blocked, id=15444, stack(0x000000f7c7b00000,0x000000f7c7c00000)]
  0x0000024b29a99880 JavaThread "jar transforms Thread 3" [_thread_blocked, id=5788, stack(0x000000f7c7c00000,0x000000f7c7d00000)]
  0x0000024b29a99d50 JavaThread "jar transforms Thread 4" [_thread_blocked, id=16644, stack(0x000000f7c7d00000,0x000000f7c7e00000)]
  0x0000024b2ad6c460 JavaThread "jar transforms Thread 5" [_thread_blocked, id=8052, stack(0x000000f7c7e00000,0x000000f7c7f00000)]
  0x0000024b2ad707c0 JavaThread "jar transforms Thread 6" [_thread_blocked, id=26320, stack(0x000000f7c7f00000,0x000000f7c8000000)]
  0x0000024b2ad71b00 JavaThread "jar transforms Thread 7" [_thread_blocked, id=5504, stack(0x000000f7c8000000,0x000000f7c8100000)]
  0x0000024b2ad6f950 JavaThread "jar transforms Thread 8" [_thread_blocked, id=18836, stack(0x000000f7c8100000,0x000000f7c8200000)]
  0x0000024b2ad6d2d0 JavaThread "Cache worker for checksums cache (C:\Users\tuank\AndroidStudioProjects\DiceRoller\.gradle\8.0\checksums)" [_thread_blocked, id=1684, stack(0x000000f7c8200000,0x000000f7c8300000)]
  0x0000024b2ad71630 JavaThread "Cache worker for cache directory md-rule (C:\Users\tuank\.gradle\caches\8.0\md-rule)" [_thread_blocked, id=22456, stack(0x000000f7c8300000,0x000000f7c8400000)]
  0x0000024b2ad6fe20 JavaThread "Cache worker for file content cache (C:\Users\tuank\.gradle\caches\8.0\fileContent)" [_thread_blocked, id=11688, stack(0x000000f7c8400000,0x000000f7c8500000)]
  0x0000024b2ad6ac50 JavaThread "Cache worker for file hash cache (C:\Users\tuank\AndroidStudioProjects\DiceRoller\.gradle\8.0\fileHashes)" [_thread_blocked, id=16300, stack(0x000000f7c8500000,0x000000f7c8600000)]
  0x0000024b2ad6d7a0 JavaThread "Cache worker for cache directory md-supplier (C:\Users\tuank\.gradle\caches\8.0\md-supplier)" [_thread_blocked, id=8464, stack(0x000000f7c8600000,0x000000f7c8700000)]
  0x0000024b2ad6c930 JavaThread "Cache worker for execution history cache (C:\Users\tuank\.gradle\caches\8.0\executionHistory)" [_thread_blocked, id=3000, stack(0x000000f7c8700000,0x000000f7c8800000)]

Other Threads:
  0x0000024b27378b50 VMThread "VM Thread" [stack: 0x000000f7c5600000,0x000000f7c5700000] [id=14632]
  0x0000024b281d2e80 WatcherThread [stack: 0x000000f7c6200000,0x000000f7c6300000] [id=12596]
  0x0000024b0d785b40 GCTaskThread "GC Thread#0" [stack: 0x000000f7c5100000,0x000000f7c5200000] [id=24176]
  0x0000024b28c9d780 GCTaskThread "GC Thread#1" [stack: 0x000000f7c6300000,0x000000f7c6400000] [id=25208]
  0x0000024b28cbe8c0 GCTaskThread "GC Thread#2" [stack: 0x000000f7c6400000,0x000000f7c6500000] [id=26696]
  0x0000024b28d1fb10 GCTaskThread "GC Thread#3" [stack: 0x000000f7c6500000,0x000000f7c6600000] [id=14240]
  0x0000024b28fcbbf0 GCTaskThread "GC Thread#4" [stack: 0x000000f7c6600000,0x000000f7c6700000] [id=18468]
  0x0000024b294387b0 GCTaskThread "GC Thread#5" [stack: 0x000000f7c6900000,0x000000f7c6a00000] [id=5316]
  0x0000024b29385b80 GCTaskThread "GC Thread#6" [stack: 0x000000f7c6a00000,0x000000f7c6b00000] [id=21892]
  0x0000024b2943a7a0 GCTaskThread "GC Thread#7" [stack: 0x000000f7c6b00000,0x000000f7c6c00000] [id=15668]
  0x0000024b0d796a80 ConcurrentGCThread "G1 Main Marker" [stack: 0x000000f7c5200000,0x000000f7c5300000] [id=17028]
  0x0000024b0d797490 ConcurrentGCThread "G1 Conc#0" [stack: 0x000000f7c5300000,0x000000f7c5400000] [id=1800]
  0x0000024b285ed030 ConcurrentGCThread "G1 Conc#1" [stack: 0x000000f7c7400000,0x000000f7c7500000] [id=19056]
  0x0000024b0d7ea4e0 ConcurrentGCThread "G1 Refine#0" [stack: 0x000000f7c5400000,0x000000f7c5500000] [id=5992]
  0x0000024b0d7ead10 ConcurrentGCThread "G1 Service" [stack: 0x000000f7c5500000,0x000000f7c5600000] [id=13548]

Threads with active compile tasks:
C2 CompilerThread0    18884 2989   !   4       java.net.URL::<init> (543 bytes)

VM state: not at safepoint (normal execution)

VM Mutex/Monitor currently owned by a thread: None

Heap address: 0x0000000080000000, size: 2048 MB, Compressed Oops mode: 32-bit

CDS archive(s) not mapped
Compressed class space mapped at: 0x0000000100000000-0x0000000140000000, reserved size: 1073741824
Narrow klass base: 0x0000000000000000, Narrow klass shift: 3, Narrow klass range: 0x140000000

GC Precious Log:
 CPUs: 8 total, 8 available
 Memory: 3863M
 Large Page Support: Disabled
 NUMA Support: Disabled
 Compressed Oops: Enabled (32-bit)
 Heap Region Size: 1M
 Heap Min Capacity: 8M
 Heap Initial Capacity: 62M
 Heap Max Capacity: 2G
 Pre-touch: Disabled
 Parallel Workers: 8
 Concurrent Workers: 2
 Concurrent Refinement Workers: 8
 Periodic GC: Disabled

Heap:
 garbage-first heap   total 87040K, used 57959K [0x0000000080000000, 0x0000000100000000)
  region size 1024K, 9 young (9216K), 1 survivors (1024K)
 Metaspace       used 34955K, committed 35328K, reserved 1081344K
  class space    used 4870K, committed 5056K, reserved 1048576K

Heap Regions: E=young(eden), S=young(survivor), O=old, HS=humongous(starts), HC=humongous(continues), CS=collection set, F=free, OA=open archive, CA=closed archive, TAMS=top-at-mark-start (previous, next)
|   0|0x0000000080000000, 0x0000000080100000, 0x0000000080100000|100%|HS|  |TAMS 0x0000000080100000, 0x0000000080000000| Complete 
|   1|0x0000000080100000, 0x0000000080200000, 0x0000000080200000|100%|HC|  |TAMS 0x0000000080200000, 0x0000000080100000| Complete 
|   2|0x0000000080200000, 0x0000000080300000, 0x0000000080300000|100%|HC|  |TAMS 0x0000000080300000, 0x0000000080200000| Complete 
|   3|0x0000000080300000, 0x0000000080400000, 0x0000000080400000|100%|HC|  |TAMS 0x0000000080400000, 0x0000000080300000| Complete 
|   4|0x0000000080400000, 0x0000000080500000, 0x0000000080500000|100%| O|  |TAMS 0x0000000080500000, 0x0000000080400000| Untracked 
|   5|0x0000000080500000, 0x0000000080600000, 0x0000000080600000|100%| O|  |TAMS 0x0000000080600000, 0x0000000080500000| Untracked 
|   6|0x0000000080600000, 0x0000000080700000, 0x0000000080700000|100%| O|  |TAMS 0x0000000080700000, 0x0000000080600000| Untracked 
|   7|0x0000000080700000, 0x0000000080800000, 0x0000000080800000|100%| O|  |TAMS 0x0000000080800000, 0x0000000080700000| Untracked 
|   8|0x0000000080800000, 0x0000000080900000, 0x0000000080900000|100%| O|  |TAMS 0x0000000080900000, 0x0000000080800000| Untracked 
|   9|0x0000000080900000, 0x0000000080a00000, 0x0000000080a00000|100%| O|  |TAMS 0x0000000080a00000, 0x0000000080900000| Untracked 
|  10|0x0000000080a00000, 0x0000000080b00000, 0x0000000080b00000|100%| O|  |TAMS 0x0000000080b00000, 0x0000000080a00000| Untracked 
|  11|0x0000000080b00000, 0x0000000080c00000, 0x0000000080c00000|100%| O|  |TAMS 0x0000000080c00000, 0x0000000080b00000| Untracked 
|  12|0x0000000080c00000, 0x0000000080d00000, 0x0000000080d00000|100%| O|  |TAMS 0x0000000080d00000, 0x0000000080c00000| Untracked 
|  13|0x0000000080d00000, 0x0000000080e00000, 0x0000000080e00000|100%| O|  |TAMS 0x0000000080e00000, 0x0000000080d00000| Untracked 
|  14|0x0000000080e00000, 0x0000000080f00000, 0x0000000080f00000|100%| O|  |TAMS 0x0000000080f00000, 0x0000000080e00000| Untracked 
|  15|0x0000000080f00000, 0x0000000081000000, 0x0000000081000000|100%| O|  |TAMS 0x0000000081000000, 0x0000000080f00000| Untracked 
|  16|0x0000000081000000, 0x0000000081100000, 0x0000000081100000|100%| O|  |TAMS 0x0000000081100000, 0x0000000081000000| Untracked 
|  17|0x0000000081100000, 0x0000000081200000, 0x0000000081200000|100%| O|  |TAMS 0x0000000081200000, 0x0000000081100000| Untracked 
|  18|0x0000000081200000, 0x0000000081300000, 0x0000000081300000|100%| O|  |TAMS 0x0000000081300000, 0x0000000081200000| Untracked 
|  19|0x0000000081300000, 0x0000000081400000, 0x0000000081400000|100%|HS|  |TAMS 0x0000000081400000, 0x0000000081300000| Complete 
|  20|0x0000000081400000, 0x0000000081500000, 0x0000000081500000|100%|HC|  |TAMS 0x0000000081500000, 0x0000000081400000| Complete 
|  21|0x0000000081500000, 0x0000000081600000, 0x0000000081600000|100%|HS|  |TAMS 0x0000000081600000, 0x0000000081500000| Complete 
|  22|0x0000000081600000, 0x0000000081700000, 0x0000000081700000|100%|HC|  |TAMS 0x0000000081700000, 0x0000000081600000| Complete 
|  23|0x0000000081700000, 0x0000000081800000, 0x0000000081800000|100%|HC|  |TAMS 0x0000000081800000, 0x0000000081700000| Complete 
|  24|0x0000000081800000, 0x0000000081900000, 0x0000000081900000|100%|HS|  |TAMS 0x0000000081900000, 0x0000000081800000| Complete 
|  25|0x0000000081900000, 0x0000000081a00000, 0x0000000081a00000|100%|HC|  |TAMS 0x0000000081a00000, 0x0000000081900000| Complete 
|  26|0x0000000081a00000, 0x0000000081b00000, 0x0000000081b00000|100%|HC|  |TAMS 0x0000000081b00000, 0x0000000081a00000| Complete 
|  27|0x0000000081b00000, 0x0000000081c00000, 0x0000000081c00000|100%| O|  |TAMS 0x0000000081c00000, 0x0000000081b00000| Untracked 
|  28|0x0000000081c00000, 0x0000000081d00000, 0x0000000081d00000|100%| O|  |TAMS 0x0000000081d00000, 0x0000000081c00000| Untracked 
|  29|0x0000000081d00000, 0x0000000081e00000, 0x0000000081e00000|100%|HS|  |TAMS 0x0000000081e00000, 0x0000000081d00000| Complete 
|  30|0x0000000081e00000, 0x0000000081f00000, 0x0000000081f00000|100%|HC|  |TAMS 0x0000000081f00000, 0x0000000081e00000| Complete 
|  31|0x0000000081f00000, 0x0000000082000000, 0x0000000082000000|100%|HC|  |TAMS 0x0000000082000000, 0x0000000081f00000| Complete 
|  32|0x0000000082000000, 0x0000000082100000, 0x0000000082100000|100%|HC|  |TAMS 0x0000000082100000, 0x0000000082000000| Complete 
|  33|0x0000000082100000, 0x0000000082200000, 0x0000000082200000|100%|HC|  |TAMS 0x0000000082200000, 0x0000000082100000| Complete 
|  34|0x0000000082200000, 0x0000000082300000, 0x0000000082300000|100%|HC|  |TAMS 0x0000000082300000, 0x0000000082200000| Complete 
|  35|0x0000000082300000, 0x0000000082400000, 0x0000000082400000|100%|HC|  |TAMS 0x0000000082400000, 0x0000000082300000| Complete 
|  36|0x0000000082400000, 0x0000000082500000, 0x0000000082500000|100%|HC|  |TAMS 0x0000000082500000, 0x0000000082400000| Complete 
|  37|0x0000000082500000, 0x0000000082600000, 0x0000000082600000|100%|HC|  |TAMS 0x0000000082600000, 0x0000000082500000| Complete 
|  38|0x0000000082600000, 0x0000000082700000, 0x0000000082700000|100%|HC|  |TAMS 0x0000000082700000, 0x0000000082600000| Complete 
|  39|0x0000000082700000, 0x0000000082800000, 0x0000000082800000|100%|HC|  |TAMS 0x0000000082800000, 0x0000000082700000| Complete 
|  40|0x0000000082800000, 0x0000000082900000, 0x0000000082900000|100%|HC|  |TAMS 0x0000000082900000, 0x0000000082800000| Complete 
|  41|0x0000000082900000, 0x0000000082a00000, 0x0000000082a00000|100%| O|  |TAMS 0x0000000082a00000, 0x0000000082900000| Untracked 
|  42|0x0000000082a00000, 0x0000000082b00000, 0x0000000082b00000|100%| O|  |TAMS 0x0000000082b00000, 0x0000000082a00000| Untracked 
|  43|0x0000000082b00000, 0x0000000082c00000, 0x0000000082c00000|100%| O|  |TAMS 0x0000000082c00000, 0x0000000082b00000| Untracked 
|  44|0x0000000082c00000, 0x0000000082d00000, 0x0000000082d00000|100%| O|  |TAMS 0x0000000082c9da00, 0x0000000082c00000| Untracked 
|  45|0x0000000082d00000, 0x0000000082e00000, 0x0000000082e00000|100%|HS|  |TAMS 0x0000000082e00000, 0x0000000082d00000| Complete 
|  46|0x0000000082e00000, 0x0000000082f00000, 0x0000000082f00000|100%|HC|  |TAMS 0x0000000082f00000, 0x0000000082e00000| Complete 
|  47|0x0000000082f00000, 0x0000000083000000, 0x0000000083000000|100%| O|  |TAMS 0x0000000082f00000, 0x0000000082f00000| Untracked 
|  48|0x0000000083000000, 0x00000000830cee00, 0x0000000083100000| 80%| O|  |TAMS 0x0000000083000000, 0x0000000083000000| Untracked 
|  49|0x0000000083100000, 0x0000000083100000, 0x0000000083200000|  0%| F|  |TAMS 0x0000000083100000, 0x0000000083100000| Untracked 
|  50|0x0000000083200000, 0x0000000083200000, 0x0000000083300000|  0%| F|  |TAMS 0x0000000083200000, 0x0000000083200000| Untracked 
|  51|0x0000000083300000, 0x0000000083300000, 0x0000000083400000|  0%| F|  |TAMS 0x0000000083300000, 0x0000000083300000| Untracked 
|  52|0x0000000083400000, 0x0000000083400000, 0x0000000083500000|  0%| F|  |TAMS 0x0000000083400000, 0x0000000083400000| Untracked 
|  53|0x0000000083500000, 0x0000000083500000, 0x0000000083600000|  0%| F|  |TAMS 0x0000000083500000, 0x0000000083500000| Untracked 
|  54|0x0000000083600000, 0x0000000083600000, 0x0000000083700000|  0%| F|  |TAMS 0x0000000083600000, 0x0000000083600000| Untracked 
|  55|0x0000000083700000, 0x0000000083700000, 0x0000000083800000|  0%| F|  |TAMS 0x0000000083700000, 0x0000000083700000| Untracked 
|  56|0x0000000083800000, 0x0000000083800000, 0x0000000083900000|  0%| F|  |TAMS 0x0000000083800000, 0x0000000083800000| Untracked 
|  57|0x0000000083900000, 0x0000000083900000, 0x0000000083a00000|  0%| F|  |TAMS 0x0000000083900000, 0x0000000083900000| Untracked 
|  58|0x0000000083a00000, 0x0000000083a00000, 0x0000000083b00000|  0%| F|  |TAMS 0x0000000083a00000, 0x0000000083a00000| Untracked 
|  59|0x0000000083b00000, 0x0000000083b00000, 0x0000000083c00000|  0%| F|  |TAMS 0x0000000083b00000, 0x0000000083b00000| Untracked 
|  60|0x0000000083c00000, 0x0000000083c00000, 0x0000000083d00000|  0%| F|  |TAMS 0x0000000083c00000, 0x0000000083c00000| Untracked 
|  61|0x0000000083d00000, 0x0000000083d00000, 0x0000000083e00000|  0%| F|  |TAMS 0x0000000083d00000, 0x0000000083d00000| Untracked 
|  62|0x0000000083e00000, 0x0000000083e00000, 0x0000000083f00000|  0%| F|  |TAMS 0x0000000083e00000, 0x0000000083e00000| Untracked 
|  63|0x0000000083f00000, 0x0000000083f00000, 0x0000000084000000|  0%| F|  |TAMS 0x0000000083f00000, 0x0000000083f00000| Untracked 
|  64|0x0000000084000000, 0x0000000084000000, 0x0000000084100000|  0%| F|  |TAMS 0x0000000084000000, 0x0000000084000000| Untracked 
|  65|0x0000000084100000, 0x00000000841cb0e0, 0x0000000084200000| 79%| S|CS|TAMS 0x0000000084100000, 0x0000000084100000| Complete 
|  66|0x0000000084200000, 0x0000000084200000, 0x0000000084300000|  0%| F|  |TAMS 0x0000000084200000, 0x0000000084200000| Untracked 
|  67|0x0000000084300000, 0x0000000084300000, 0x0000000084400000|  0%| F|  |TAMS 0x0000000084300000, 0x0000000084300000| Untracked 
|  68|0x0000000084400000, 0x0000000084400000, 0x0000000084500000|  0%| F|  |TAMS 0x0000000084400000, 0x0000000084400000| Untracked 
|  69|0x0000000084500000, 0x0000000084500000, 0x0000000084600000|  0%| F|  |TAMS 0x0000000084500000, 0x0000000084500000| Untracked 
|  70|0x0000000084600000, 0x0000000084600000, 0x0000000084700000|  0%| F|  |TAMS 0x0000000084600000, 0x0000000084600000| Untracked 
|  71|0x0000000084700000, 0x0000000084700000, 0x0000000084800000|  0%| F|  |TAMS 0x0000000084700000, 0x0000000084700000| Untracked 
|  72|0x0000000084800000, 0x0000000084800000, 0x0000000084900000|  0%| F|  |TAMS 0x0000000084800000, 0x0000000084800000| Untracked 
|  73|0x0000000084900000, 0x0000000084900000, 0x0000000084a00000|  0%| F|  |TAMS 0x0000000084900000, 0x0000000084900000| Untracked 
|  74|0x0000000084a00000, 0x0000000084a00000, 0x0000000084b00000|  0%| F|  |TAMS 0x0000000084a00000, 0x0000000084a00000| Untracked 
|  75|0x0000000084b00000, 0x0000000084b00000, 0x0000000084c00000|  0%| F|  |TAMS 0x0000000084b00000, 0x0000000084b00000| Untracked 
|  76|0x0000000084c00000, 0x0000000084c00000, 0x0000000084d00000|  0%| F|  |TAMS 0x0000000084c00000, 0x0000000084c00000| Untracked 
|  77|0x0000000084d00000, 0x0000000084deada0, 0x0000000084e00000| 91%| E|  |TAMS 0x0000000084d00000, 0x0000000084d00000| Complete 
|  78|0x0000000084e00000, 0x0000000084f00000, 0x0000000084f00000|100%| E|CS|TAMS 0x0000000084e00000, 0x0000000084e00000| Complete 
|  79|0x0000000084f00000, 0x0000000085000000, 0x0000000085000000|100%| E|CS|TAMS 0x0000000084f00000, 0x0000000084f00000| Complete 
|  80|0x0000000085000000, 0x0000000085100000, 0x0000000085100000|100%| E|CS|TAMS 0x0000000085000000, 0x0000000085000000| Complete 
|  81|0x0000000085100000, 0x0000000085200000, 0x0000000085200000|100%| E|CS|TAMS 0x0000000085100000, 0x0000000085100000| Complete 
|  82|0x0000000085200000, 0x0000000085300000, 0x0000000085300000|100%| E|CS|TAMS 0x0000000085200000, 0x0000000085200000| Complete 
|  83|0x0000000085300000, 0x0000000085400000, 0x0000000085400000|100%| E|CS|TAMS 0x0000000085300000, 0x0000000085300000| Complete 
|  84|0x0000000085400000, 0x0000000085500000, 0x0000000085500000|100%| E|CS|TAMS 0x0000000085400000, 0x0000000085400000| Complete 

Card table byte_map: [0x0000024b20330000,0x0000024b20730000] _byte_map_base: 0x0000024b1ff30000

Marking Bits (Prev, Next): (CMBitMap*) 0x0000024b0d786150, (CMBitMap*) 0x0000024b0d786190
 Prev Bits: [0x0000024b20b30000, 0x0000024b22b30000)
 Next Bits: [0x0000024b22b30000, 0x0000024b24b30000)

Polling page: 0x0000024b0b8c0000

Metaspace:

Usage:
  Non-class:     29.38 MB used.
      Class:      4.76 MB used.
       Both:     34.14 MB used.

Virtual space:
  Non-class space:       32.00 MB reserved,      29.56 MB ( 92%) committed,  4 nodes.
      Class space:        1.00 GB reserved,       4.94 MB ( <1%) committed,  1 nodes.
             Both:        1.03 GB reserved,      34.50 MB (  3%) committed. 

Chunk freelists:
   Non-Class:  2.00 MB
       Class:  2.98 MB
        Both:  4.98 MB

MaxMetaspaceSize: unlimited
CompressedClassSpaceSize: 1.00 GB
Initial GC threshold: 21.00 MB
Current GC threshold: 55.25 MB
CDS: off
MetaspaceReclaimPolicy: balanced
 - commit_granule_bytes: 65536.
 - commit_granule_words: 8192.
 - virtual_space_node_default_size: 1048576.
 - enlarge_chunks_in_place: 1.
 - new_chunks_are_fully_committed: 0.
 - uncommit_free_chunks: 1.
 - use_allocation_guard: 0.
 - handle_deallocations: 1.


Internal statistics:

num_allocs_failed_limit: 3.
num_arena_births: 358.
num_arena_deaths: 0.
num_vsnodes_births: 5.
num_vsnodes_deaths: 0.
num_space_committed: 552.
num_space_uncommitted: 0.
num_chunks_returned_to_freelist: 3.
num_chunks_taken_from_freelist: 1420.
num_chunk_merges: 3.
num_chunk_splits: 888.
num_chunks_enlarged: 589.
num_purges: 0.
num_inconsistent_stats: 0.

CodeHeap 'non-profiled nmethods': size=120000Kb used=1630Kb max_used=1630Kb free=118369Kb
 bounds [0x0000024b186c0000, 0x0000024b18930000, 0x0000024b1fbf0000]
CodeHeap 'profiled nmethods': size=120000Kb used=6501Kb max_used=6501Kb free=113499Kb
 bounds [0x0000024b10bf0000, 0x0000024b11250000, 0x0000024b18120000]
CodeHeap 'non-nmethods': size=5760Kb used=1247Kb max_used=1279Kb free=4512Kb
 bounds [0x0000024b18120000, 0x0000024b18390000, 0x0000024b186c0000]
 total_blobs=3612 nmethods=3067 adapters=456
 compilation: enabled
              stopped_count=0, restarted_count=0
 full_count=0

Compilation events (20 events):
Event: 17.830 Thread 0x0000024b28059fe0 3015       3       com.google.common.io.BaseEncoding$Alphabet::encode (7 bytes)
Event: 17.830 Thread 0x0000024b28059fe0 nmethod 3015 0x0000024b111ee010 code [0x0000024b111ee1a0, 0x0000024b111ee2d8]
Event: 17.880 Thread 0x0000024b28059fe0 3016       3       java.util.regex.CharPredicates$$Lambda$37/0x0000000100144c90::is (9 bytes)
Event: 17.881 Thread 0x0000024b28059fe0 nmethod 3016 0x0000024b111ee390 code [0x0000024b111ee540, 0x0000024b111ee8d8]
Event: 17.881 Thread 0x0000024b28059fe0 3017       3       java.util.regex.CharPredicates::lambda$ctype$17 (21 bytes)
Event: 17.881 Thread 0x0000024b28059fe0 nmethod 3017 0x0000024b111eea10 code [0x0000024b111eebc0, 0x0000024b111eeed8]
Event: 17.914 Thread 0x0000024b28059fe0 3018       3       jdk.internal.misc.InnocuousThread::eraseThreadLocals (23 bytes)
Event: 17.915 Thread 0x0000024b28059fe0 nmethod 3018 0x0000024b111ef010 code [0x0000024b111ef1a0, 0x0000024b111ef398]
Event: 17.921 Thread 0x0000024b28059fe0 3019       3       jdk.internal.org.objectweb.asm.ClassReader::readUtf (44 bytes)
Event: 17.921 Thread 0x0000024b28059fe0 nmethod 3019 0x0000024b111ef410 code [0x0000024b111ef5e0, 0x0000024b111ef9b8]
Event: 17.935 Thread 0x0000024b28059fe0 3020       3       java.lang.invoke.MethodHandles$Lookup::getDirectConstructorCommon (69 bytes)
Event: 17.941 Thread 0x0000024b28059fe0 nmethod 3020 0x0000024b111efb90 code [0x0000024b111efe00, 0x0000024b111f0918]
Event: 17.941 Thread 0x0000024b28059fe0 3021       3       java.lang.invoke.MemberName::asConstructor (58 bytes)
Event: 17.941 Thread 0x0000024b28059fe0 nmethod 3021 0x0000024b111f0c90 code [0x0000024b111f0ea0, 0x0000024b111f14a8]
Event: 17.942 Thread 0x0000024b28059fe0 3023       3       javax.management.ObjectName::construct (1135 bytes)
Event: 17.949 Thread 0x0000024b28059fe0 nmethod 3023 0x0000024b111f1710 code [0x0000024b111f1d60, 0x0000024b111f5768]
Event: 17.956 Thread 0x0000024b28059fe0 3024       1       java.lang.invoke.MethodHandle::internalForm (5 bytes)
Event: 17.956 Thread 0x0000024b28059fe0 nmethod 3024 0x0000024b18856a90 code [0x0000024b18856c20, 0x0000024b18856cf8]
Event: 17.957 Thread 0x0000024b28059fe0 3025       3       java.lang.Integer::highestOneBit (10 bytes)
Event: 17.957 Thread 0x0000024b28059fe0 nmethod 3025 0x0000024b111f6e90 code [0x0000024b111f7020, 0x0000024b111f7148]

GC Heap History (20 events):
Event: 3.452 GC heap before
{Heap before GC invocations=0 (full 0):
 garbage-first heap   total 63488K, used 26624K [0x0000000080000000, 0x0000000100000000)
  region size 1024K, 23 young (23552K), 0 survivors (0K)
 Metaspace       used 10264K, committed 10432K, reserved 1064960K
  class space    used 1058K, committed 1152K, reserved 1048576K
}
Event: 3.463 GC heap after
{Heap after GC invocations=1 (full 0):
 garbage-first heap   total 63488K, used 10852K [0x0000000080000000, 0x0000000100000000)
  region size 1024K, 3 young (3072K), 3 survivors (3072K)
 Metaspace       used 10264K, committed 10432K, reserved 1064960K
  class space    used 1058K, committed 1152K, reserved 1048576K
}
Event: 4.480 GC heap before
{Heap before GC invocations=1 (full 0):
 garbage-first heap   total 63488K, used 33380K [0x0000000080000000, 0x0000000100000000)
  region size 1024K, 25 young (25600K), 3 survivors (3072K)
 Metaspace       used 11147K, committed 11392K, reserved 1064960K
  class space    used 1161K, committed 1280K, reserved 1048576K
}
Event: 4.487 GC heap after
{Heap after GC invocations=2 (full 0):
 garbage-first heap   total 63488K, used 11400K [0x0000000080000000, 0x0000000100000000)
  region size 1024K, 1 young (1024K), 1 survivors (1024K)
 Metaspace       used 11147K, committed 11392K, reserved 1064960K
  class space    used 1161K, committed 1280K, reserved 1048576K
}
Event: 7.413 GC heap before
{Heap before GC invocations=2 (full 0):
 garbage-first heap   total 63488K, used 37000K [0x0000000080000000, 0x0000000100000000)
  region size 1024K, 25 young (25600K), 1 survivors (1024K)
 Metaspace       used 16494K, committed 16768K, reserved 1064960K
  class space    used 1888K, committed 2048K, reserved 1048576K
}
Event: 7.424 GC heap after
{Heap after GC invocations=3 (full 0):
 garbage-first heap   total 63488K, used 17197K [0x0000000080000000, 0x0000000100000000)
  region size 1024K, 4 young (4096K), 4 survivors (4096K)
 Metaspace       used 16494K, committed 16768K, reserved 1064960K
  class space    used 1888K, committed 2048K, reserved 1048576K
}
Event: 9.633 GC heap before
{Heap before GC invocations=3 (full 0):
 garbage-first heap   total 63488K, used 32557K [0x0000000080000000, 0x0000000100000000)
  region size 1024K, 21 young (21504K), 4 survivors (4096K)
 Metaspace       used 21313K, committed 21504K, reserved 1073152K
  class space    used 2573K, committed 2688K, reserved 1048576K
}
Event: 9.655 GC heap after
{Heap after GC invocations=4 (full 0):
 garbage-first heap   total 63488K, used 19077K [0x0000000080000000, 0x0000000100000000)
  region size 1024K, 2 young (2048K), 2 survivors (2048K)
 Metaspace       used 21313K, committed 21504K, reserved 1073152K
  class space    used 2573K, committed 2688K, reserved 1048576K
}
Event: 12.692 GC heap before
{Heap before GC invocations=5 (full 0):
 garbage-first heap   total 63488K, used 40581K [0x0000000080000000, 0x0000000100000000)
  region size 1024K, 23 young (23552K), 2 survivors (2048K)
 Metaspace       used 25024K, committed 25344K, reserved 1073152K
  class space    used 3216K, committed 3392K, reserved 1048576K
}
Event: 12.699 GC heap after
{Heap after GC invocations=6 (full 0):
 garbage-first heap   total 63488K, used 20424K [0x0000000080000000, 0x0000000100000000)
  region size 1024K, 3 young (3072K), 3 survivors (3072K)
 Metaspace       used 25024K, committed 25344K, reserved 1073152K
  class space    used 3216K, committed 3392K, reserved 1048576K
}
Event: 14.224 GC heap before
{Heap before GC invocations=6 (full 0):
 garbage-first heap   total 63488K, used 42952K [0x0000000080000000, 0x0000000100000000)
  region size 1024K, 25 young (25600K), 3 survivors (3072K)
 Metaspace       used 28316K, committed 28608K, reserved 1081344K
  class space    used 3794K, committed 3968K, reserved 1048576K
}
Event: 14.231 GC heap after
{Heap after GC invocations=7 (full 0):
 garbage-first heap   total 63488K, used 21945K [0x0000000080000000, 0x0000000100000000)
  region size 1024K, 3 young (3072K), 3 survivors (3072K)
 Metaspace       used 28316K, committed 28608K, reserved 1081344K
  class space    used 3794K, committed 3968K, reserved 1048576K
}
Event: 15.456 GC heap before
{Heap before GC invocations=7 (full 0):
 garbage-first heap   total 63488K, used 38329K [0x0000000080000000, 0x0000000100000000)
  region size 1024K, 13 young (13312K), 3 survivors (3072K)
 Metaspace       used 29372K, committed 29760K, reserved 1081344K
  class space    used 3983K, committed 4160K, reserved 1048576K
}
Event: 15.463 GC heap after
{Heap after GC invocations=8 (full 0):
 garbage-first heap   total 63488K, used 33082K [0x0000000080000000, 0x0000000100000000)
  region size 1024K, 4 young (4096K), 4 survivors (4096K)
 Metaspace       used 29372K, committed 29760K, reserved 1081344K
  class space    used 3983K, committed 4160K, reserved 1048576K
}
Event: 16.174 GC heap before
{Heap before GC invocations=9 (full 0):
 garbage-first heap   total 78848K, used 45370K [0x0000000080000000, 0x0000000100000000)
  region size 1024K, 5 young (5120K), 4 survivors (4096K)
 Metaspace       used 29373K, committed 29760K, reserved 1081344K
  class space    used 3983K, committed 4160K, reserved 1048576K
}
Event: 16.181 GC heap after
{Heap after GC invocations=10 (full 0):
 garbage-first heap   total 78848K, used 45833K [0x0000000080000000, 0x0000000100000000)
  region size 1024K, 1 young (1024K), 1 survivors (1024K)
 Metaspace       used 29373K, committed 29760K, reserved 1081344K
  class space    used 3983K, committed 4160K, reserved 1048576K
}
Event: 17.124 GC heap before
{Heap before GC invocations=11 (full 0):
 garbage-first heap   total 83968K, used 64265K [0x0000000080000000, 0x0000000100000000)
  region size 1024K, 17 young (17408K), 1 survivors (1024K)
 Metaspace       used 31353K, committed 31680K, reserved 1081344K
  class space    used 4309K, committed 4480K, reserved 1048576K
}
Event: 17.129 GC heap after
{Heap after GC invocations=12 (full 0):
 garbage-first heap   total 83968K, used 50013K [0x0000000080000000, 0x0000000100000000)
  region size 1024K, 3 young (3072K), 3 survivors (3072K)
 Metaspace       used 31353K, committed 31680K, reserved 1081344K
  class space    used 4309K, committed 4480K, reserved 1048576K
}
Event: 17.911 GC heap before
{Heap before GC invocations=12 (full 0):
 garbage-first heap   total 83968K, used 66397K [0x0000000080000000, 0x0000000100000000)
  region size 1024K, 19 young (19456K), 3 survivors (3072K)
 Metaspace       used 33604K, committed 33920K, reserved 1081344K
  class space    used 4663K, committed 4800K, reserved 1048576K
}
Event: 17.914 GC heap after
{Heap after GC invocations=13 (full 0):
 garbage-first heap   total 83968K, used 50791K [0x0000000080000000, 0x0000000100000000)
  region size 1024K, 1 young (1024K), 1 survivors (1024K)
 Metaspace       used 33604K, committed 33920K, reserved 1081344K
  class space    used 4663K, committed 4800K, reserved 1048576K
}

Dll operation events (2 events):
Event: 0.098 Loaded shared library C:\Program Files\Android\Android Studio\jbr\bin\java.dll
Event: 1.636 Loaded shared library C:\Program Files\Android\Android Studio\jbr\bin\verify.dll

Deoptimization events (20 events):
Event: 15.004 Thread 0x0000024b2991c660 DEOPT PACKING pc=0x0000024b188000c4 sp=0x000000f7c70fb870
Event: 15.004 Thread 0x0000024b2991c660 DEOPT UNPACKING pc=0x0000024b1817a1a3 sp=0x000000f7c70fb720 mode 2
Event: 15.172 Thread 0x0000024b2991c660 DEOPT PACKING pc=0x0000024b10cb13bd sp=0x000000f7c70fb180
Event: 15.173 Thread 0x0000024b2991c660 DEOPT UNPACKING pc=0x0000024b1817ace3 sp=0x000000f7c70fa618 mode 0
Event: 15.372 Thread 0x0000024b2991c660 DEOPT PACKING pc=0x0000024b11004ed4 sp=0x000000f7c70fa060
Event: 15.372 Thread 0x0000024b2991c660 DEOPT UNPACKING pc=0x0000024b1817ace3 sp=0x000000f7c70f95b8 mode 0
Event: 16.337 Thread 0x0000024b2991c660 DEOPT PACKING pc=0x0000024b111468e9 sp=0x000000f7c70f9010
Event: 16.337 Thread 0x0000024b2991c660 DEOPT UNPACKING pc=0x0000024b1817ace3 sp=0x000000f7c70f8590 mode 0
Event: 16.723 Thread 0x0000024b2991c660 Uncommon trap: trap_request=0xffffff45 fr.pc=0x0000024b18783f78 relative=0x00000000000005d8
Event: 16.723 Thread 0x0000024b2991c660 Uncommon trap: reason=unstable_if action=reinterpret pc=0x0000024b18783f78 method=java.util.Properties$LineReader.readLine()I @ 95 c2
Event: 16.723 Thread 0x0000024b2991c660 DEOPT PACKING pc=0x0000024b18783f78 sp=0x000000f7c70fad40
Event: 16.723 Thread 0x0000024b2991c660 DEOPT UNPACKING pc=0x0000024b1817a1a3 sp=0x000000f7c70facf0 mode 2
Event: 17.194 Thread 0x0000024b2991c660 Uncommon trap: trap_request=0xffffff45 fr.pc=0x0000024b187e1f8c relative=0x00000000000002cc
Event: 17.194 Thread 0x0000024b2991c660 Uncommon trap: reason=unstable_if action=reinterpret pc=0x0000024b187e1f8c method=java.util.HashMap.getNode(Ljava/lang/Object;)Ljava/util/HashMap$Node; @ 131 c2
Event: 17.194 Thread 0x0000024b2991c660 DEOPT PACKING pc=0x0000024b187e1f8c sp=0x000000f7c70f8cc0
Event: 17.194 Thread 0x0000024b2991c660 DEOPT UNPACKING pc=0x0000024b1817a1a3 sp=0x000000f7c70f8bd0 mode 2
Event: 17.415 Thread 0x0000024b2991c660 Uncommon trap: trap_request=0xffffff45 fr.pc=0x0000024b1871516c relative=0x00000000000004ac
Event: 17.415 Thread 0x0000024b2991c660 Uncommon trap: reason=unstable_if action=reinterpret pc=0x0000024b1871516c method=java.util.HashMap.hash(Ljava/lang/Object;)I @ 1 c2
Event: 17.415 Thread 0x0000024b2991c660 DEOPT PACKING pc=0x0000024b1871516c sp=0x000000f7c70f74b0
Event: 17.415 Thread 0x0000024b2991c660 DEOPT UNPACKING pc=0x0000024b1817a1a3 sp=0x000000f7c70f7358 mode 2

Classes unloaded (0 events):
No events

Classes redefined (0 events):
No events

Internal exceptions (20 events):
Event: 16.448 Thread 0x0000024b2991c660 Exception <a 'java/lang/NoSuchMethodError'{0x0000000084f42190}: static Lorg/jetbrains/plugins/gradle/model/ExternalLibraryDependency;.<clinit>()V> (0x0000000084f42190) 
thrown [s\src\hotspot\share\prims\jni.cpp, line 1108]
Event: 16.452 Thread 0x0000024b2991c660 Exception <a 'java/lang/NoSuchMethodError'{0x0000000084f4b860}: static Lorg/jetbrains/plugins/gradle/model/FileCollectionDependency;.<clinit>()V> (0x0000000084f4b860) 
thrown [s\src\hotspot\share\prims\jni.cpp, line 1108]
Event: 16.453 Thread 0x0000024b2991c660 Exception <a 'java/lang/NoSuchMethodError'{0x0000000084f54cc8}: static Lorg/jetbrains/plugins/gradle/model/UnresolvedExternalDependency;.<clinit>()V> (0x0000000084f54cc8) 
thrown [s\src\hotspot\share\prims\jni.cpp, line 1108]
Event: 16.475 Thread 0x0000024b2991c660 Exception <a 'java/lang/NoSuchMethodError'{0x0000000084fe87b8}: static Lorg/gradle/tooling/internal/consumer/versioning/VersionDetails;.<clinit>()V> (0x0000000084fe87b8) 
thrown [s\src\hotspot\share\prims\jni.cpp, line 1108]
Event: 16.475 Thread 0x0000024b2991c660 Exception <a 'java/lang/NoSuchMethodError'{0x0000000084feb160}: static Lorg/gradle/tooling/internal/consumer/versioning/VersionDetails$R26VersionDetails;.<clinit>()V> (0x0000000084feb160) 
thrown [s\src\hotspot\share\prims\jni.cpp, line 1108]
Event: 16.475 Thread 0x0000024b2991c660 Exception <a 'java/lang/NoSuchMethodError'{0x0000000084fec6d8}: static Lorg/gradle/tooling/internal/consumer/versioning/VersionDetails$R28VersionDetails;.<clinit>()V> (0x0000000084fec6d8) 
thrown [s\src\hotspot\share\prims\jni.cpp, line 1108]
Event: 16.475 Thread 0x0000024b2991c660 Exception <a 'java/lang/NoSuchMethodError'{0x0000000084fedbe0}: static Lorg/gradle/tooling/internal/consumer/versioning/VersionDetails$R35VersionDetails;.<clinit>()V> (0x0000000084fedbe0) 
thrown [s\src\hotspot\share\prims\jni.cpp, line 1108]
Event: 16.476 Thread 0x0000024b2991c660 Exception <a 'java/lang/NoSuchMethodError'{0x0000000084fef2b0}: static Lorg/gradle/tooling/internal/consumer/versioning/VersionDetails$R44VersionDetails;.<clinit>()V> (0x0000000084fef2b0) 
thrown [s\src\hotspot\share\prims\jni.cpp, line 1108]
Event: 16.476 Thread 0x0000024b2991c660 Exception <a 'java/lang/NoSuchMethodError'{0x0000000084ff08b8}: static Lorg/gradle/tooling/internal/consumer/versioning/VersionDetails$R48VersionDetails;.<clinit>()V> (0x0000000084ff08b8) 
thrown [s\src\hotspot\share\prims\jni.cpp, line 1108]
Event: 16.476 Thread 0x0000024b2991c660 Exception <a 'java/lang/NoSuchMethodError'{0x0000000084ff1ab8}: static Lorg/gradle/tooling/internal/consumer/versioning/VersionDetails$R51VersionDetails;.<clinit>()V> (0x0000000084ff1ab8) 
thrown [s\src\hotspot\share\prims\jni.cpp, line 1108]
Event: 16.552 Thread 0x0000024b2991c660 Exception <a 'java/lang/NoSuchMethodError'{0x0000000084ee6080}: 'java.lang.Object java.lang.invoke.DirectMethodHandle$Holder.newInvokeSpecial(java.lang.Object, java.lang.Object, int)'> (0x0000000084ee6080) 
thrown [s\src\hotspot\share\interpreter\linkResolver.cpp, line 771]
Event: 17.077 Thread 0x0000024b2991c660 Exception <a 'java/lang/NoSuchMethodError'{0x0000000084170df8}: 'java.lang.Object java.lang.invoke.DirectMethodHandle$Holder.invokeSpecialIFC(java.lang.Object, java.lang.Object, java.lang.Object, java.lang.Object)'> (0x0000000084170df8) 
thrown [s\src\hotspot\share\interpreter\linkResolver.cpp, line 771]
Event: 17.415 Thread 0x0000024b2991c660 Implicit null exception at 0x0000024b18714d13 to 0x0000024b18715150
Event: 17.541 Thread 0x0000024b2991c660 Exception <a 'java/lang/NoSuchMethodError'{0x0000000084a091d8}: 'java.lang.Object java.lang.invoke.DirectMethodHandle$Holder.invokeSpecial(java.lang.Object, java.lang.Object, java.lang.Object, java.lang.Object, java.lang.Object, java.lang.Object, java.lang.Object, java.lang.Object, java.lang.Object, java.lang.Object, java.lang.Object, java.lang.Object, java.lang.Object)'> (0x0000000084a091d8) 
thrown [s\src\hotspot\share\interpreter\linkResolver.cpp, line 771]
Event: 17.542 Thread 0x0000024b2991c660 Exception <a 'java/lang/NoSuchMethodError'{0x0000000084a1a800}: 'java.lang.Object java.lang.invoke.DirectMethodHandle$Holder.newInvokeSpecial(java.lang.Object, java.lang.Object, java.lang.Object, java.lang.Object, java.lang.Object, java.lang.Object, java.lang.Object, java.lang.Object, java.lang.Object, java.lang.Object, java.lang.Object)'> (0x0000000084a1a800) 
thrown [s\src\hotspot\share\interpreter\linkResolver.cpp, line 771]
Event: 17.543 Thread 0x0000024b2991c660 Exception <a 'java/lang/NoSuchMethodError'{0x0000000084a1f898}: 'java.lang.Object java.lang.invoke.Invokers$Holder.linkToTargetMethod(java.lang.Object, java.lang.Object, java.lang.Object, java.lang.Object, java.lang.Object, java.lang.Object, java.lang.Object, java.lang.Object, java.lang.Object, java.lang.Object, java.lang.Object)'> (0x0000000084a1f898) 
thrown [s\src\hotspot\share\interpreter\linkResolver.cpp, line 771]
Event: 17.559 Thread 0x0000024b2991c660 Exception <a 'java/lang/NoSuchMethodError'{0x0000000084a6a488}: 'java.lang.Object java.lang.invoke.DirectMethodHandle$Holder.invokeSpecial(java.lang.Object, java.lang.Object, java.lang.Object, java.lang.Object, java.lang.Object, java.lang.Object, java.lang.Object, java.lang.Object, java.lang.Object, java.lang.Object, java.lang.Object, java.lang.Object, java.lang.Object, java.lang.Object)'> (0x0000000084a6a488) 
thrown [s\src\hotspot\share\interpreter\linkResolver.cpp, line 771]
Event: 17.560 Thread 0x0000024b2991c660 Exception <a 'java/lang/NoSuchMethodError'{0x0000000084a7cab0}: 'java.lang.Object java.lang.invoke.DirectMethodHandle$Holder.newInvokeSpecial(java.lang.Object, java.lang.Object, java.lang.Object, java.lang.Object, java.lang.Object, java.lang.Object, java.lang.Object, java.lang.Object, java.lang.Object, java.lang.Object, java.lang.Object, java.lang.Object)'> (0x0000000084a7cab0) 
thrown [s\src\hotspot\share\interpreter\linkResolver.cpp, line 771]
Event: 17.561 Thread 0x0000024b2991c660 Exception <a 'java/lang/NoSuchMethodError'{0x0000000084a82448}: 'java.lang.Object java.lang.invoke.Invokers$Holder.linkToTargetMethod(java.lang.Object, java.lang.Object, java.lang.Object, java.lang.Object, java.lang.Object, java.lang.Object, java.lang.Object, java.lang.Object, java.lang.Object, java.lang.Object, java.lang.Object, java.lang.Object)'> (0x0000000084a82448) 
thrown [s\src\hotspot\share\interpreter\linkResolver.cpp, line 771]
Event: 17.598 Thread 0x0000024b2991c660 Exception <a 'java/lang/NoSuchMethodError'{0x000000008491bd40}: 'java.lang.Object java.lang.invoke.DirectMethodHandle$Holder.invokeStaticInit(java.lang.Object, java.lang.Object, java.lang.Object, java.lang.Object)'> (0x000000008491bd40) 
thrown [s\src\hotspot\share\interpreter\linkResolver.cpp, line 771]

VM Operations (20 events):
Event: 16.202 Executing VM operation: G1Concurrent
Event: 16.230 Executing VM operation: G1Concurrent done
Event: 16.243 Executing VM operation: G1Concurrent
Event: 16.243 Executing VM operation: G1Concurrent done
Event: 16.542 Executing VM operation: HandshakeAllThreads
Event: 16.542 Executing VM operation: HandshakeAllThreads done
Event: 17.124 Executing VM operation: G1CollectForAllocation
Event: 17.129 Executing VM operation: G1CollectForAllocation done
Event: 17.415 Executing VM operation: HandshakeAllThreads
Event: 17.415 Executing VM operation: HandshakeAllThreads done
Event: 17.424 Executing VM operation: HandshakeAllThreads
Event: 17.425 Executing VM operation: HandshakeAllThreads done
Event: 17.682 Executing VM operation: HandshakeAllThreads
Event: 17.682 Executing VM operation: HandshakeAllThreads done
Event: 17.911 Executing VM operation: G1CollectForAllocation
Event: 17.914 Executing VM operation: G1CollectForAllocation done
Event: 17.936 Executing VM operation: G1Concurrent
Event: 17.940 Executing VM operation: G1Concurrent done
Event: 17.951 Executing VM operation: G1Concurrent
Event: 17.952 Executing VM operation: G1Concurrent done

Events (20 events):
Event: 17.059 Thread 0x0000024b2ad6d2d0 Thread added: 0x0000024b2ad6d2d0
Event: 17.172 Thread 0x0000024b2ad71630 Thread added: 0x0000024b2ad71630
Event: 17.239 Thread 0x0000024b2ad6fe20 Thread added: 0x0000024b2ad6fe20
Event: 17.428 loading class java/lang/Class$EnclosingMethodInfo
Event: 17.430 loading class java/lang/Class$EnclosingMethodInfo done
Event: 17.436 loading class sun/reflect/generics/tree/IntSignature
Event: 17.439 loading class sun/reflect/generics/tree/IntSignature done
Event: 17.439 loading class sun/reflect/generics/tree/ArrayTypeSignature
Event: 17.440 loading class sun/reflect/generics/tree/ArrayTypeSignature done
Event: 17.451 loading class java/lang/SafeVarargs
Event: 17.453 loading class java/lang/SafeVarargs done
Event: 17.464 loading class java/util/regex/Pattern$GroupCurly
Event: 17.466 loading class java/util/regex/Pattern$GroupCurly done
Event: 17.580 Thread 0x0000024b2ad6ac50 Thread added: 0x0000024b2ad6ac50
Event: 17.638 Thread 0x0000024b2ad6d7a0 Thread added: 0x0000024b2ad6d7a0
Event: 17.656 loading class java/util/concurrent/LinkedBlockingDeque$Itr
Event: 17.658 loading class java/util/concurrent/LinkedBlockingDeque$AbstractItr
Event: 17.660 loading class java/util/concurrent/LinkedBlockingDeque$AbstractItr done
Event: 17.660 loading class java/util/concurrent/LinkedBlockingDeque$Itr done
Event: 17.901 Thread 0x0000024b2ad6c930 Thread added: 0x0000024b2ad6c930


Dynamic libraries:
0x00007ff6fa0d0000 - 0x00007ff6fa0da000 	C:\Program Files\Android\Android Studio\jbr\bin\java.exe
0x00007ff85ab90000 - 0x00007ff85ada4000 	C:\WINDOWS\SYSTEM32\ntdll.dll
0x00007ff85a400000 - 0x00007ff85a4c4000 	C:\WINDOWS\System32\KERNEL32.DLL
0x00007ff8580e0000 - 0x00007ff858484000 	C:\WINDOWS\System32\KERNELBASE.dll
0x00007ff858740000 - 0x00007ff858851000 	C:\WINDOWS\System32\ucrtbase.dll
0x00007ff845b70000 - 0x00007ff845b87000 	C:\Program Files\Android\Android Studio\jbr\bin\jli.dll
0x00007ff83fa90000 - 0x00007ff83faab000 	C:\Program Files\Android\Android Studio\jbr\bin\VCRUNTIME140.dll
0x00007ff85a760000 - 0x00007ff85a90e000 	C:\WINDOWS\System32\USER32.dll
0x00007ff857f40000 - 0x00007ff857f66000 	C:\WINDOWS\System32\win32u.dll
0x00007ff837f20000 - 0x00007ff8381b3000 	C:\WINDOWS\WinSxS\amd64_microsoft.windows.common-controls_6595b64144ccf1df_6.0.22621.2215_none_270d72677387dfc3\COMCTL32.dll
0x00007ff859c90000 - 0x00007ff859cb9000 	C:\WINDOWS\System32\GDI32.dll
0x00007ff859da0000 - 0x00007ff859e47000 	C:\WINDOWS\System32\msvcrt.dll
0x00007ff8585a0000 - 0x00007ff8586b8000 	C:\WINDOWS\System32\gdi32full.dll
0x00007ff858500000 - 0x00007ff85859a000 	C:\WINDOWS\System32\msvcp_win.dll
0x00007ff85a4d0000 - 0x00007ff85a501000 	C:\WINDOWS\System32\IMM32.DLL
0x00007ff84e7a0000 - 0x00007ff84e7ac000 	C:\Program Files\Android\Android Studio\jbr\bin\vcruntime140_1.dll
0x00007ff81e570000 - 0x00007ff81e5fd000 	C:\Program Files\Android\Android Studio\jbr\bin\msvcp140.dll
0x00007ff80c6b0000 - 0x00007ff80d31e000 	C:\Program Files\Android\Android Studio\jbr\bin\server\jvm.dll
0x00007ff858920000 - 0x00007ff8589d0000 	C:\WINDOWS\System32\ADVAPI32.dll
0x00007ff85a910000 - 0x00007ff85a9b6000 	C:\WINDOWS\System32\sechost.dll
0x00007ff859e60000 - 0x00007ff859f77000 	C:\WINDOWS\System32\RPCRT4.dll
0x00007ff845130000 - 0x00007ff845139000 	C:\WINDOWS\SYSTEM32\WSOCK32.dll
0x00007ff859b10000 - 0x00007ff859b81000 	C:\WINDOWS\System32\WS2_32.dll
0x00007ff84e580000 - 0x00007ff84e5b4000 	C:\WINDOWS\SYSTEM32\WINMM.dll
0x00007ff849540000 - 0x00007ff84954a000 	C:\WINDOWS\SYSTEM32\VERSION.dll
0x00007ff856f70000 - 0x00007ff856f88000 	C:\WINDOWS\SYSTEM32\kernel.appcore.dll
0x00007ff84e5c0000 - 0x00007ff84e5ca000 	C:\Program Files\Android\Android Studio\jbr\bin\jimage.dll
0x00007ff855860000 - 0x00007ff855a8e000 	C:\WINDOWS\SYSTEM32\DBGHELP.DLL
0x00007ff8589d0000 - 0x00007ff858d5a000 	C:\WINDOWS\System32\combase.dll
0x00007ff859cc0000 - 0x00007ff859d97000 	C:\WINDOWS\System32\OLEAUT32.dll
0x00007ff83a5e0000 - 0x00007ff83a612000 	C:\WINDOWS\SYSTEM32\dbgcore.DLL
0x00007ff8586c0000 - 0x00007ff85873a000 	C:\WINDOWS\System32\bcryptPrimitives.dll
0x00007ff8465a0000 - 0x00007ff8465c5000 	C:\Program Files\Android\Android Studio\jbr\bin\java.dll
0x00007ff8464a0000 - 0x00007ff8464b8000 	C:\Program Files\Android\Android Studio\jbr\bin\zip.dll
0x00007ff8591d0000 - 0x00007ff8599f3000 	C:\WINDOWS\System32\SHELL32.dll
0x00007ff855e80000 - 0x00007ff85676a000 	C:\WINDOWS\SYSTEM32\windows.storage.dll
0x00007ff855d40000 - 0x00007ff855e7e000 	C:\WINDOWS\SYSTEM32\wintypes.dll
0x00007ff85a9c0000 - 0x00007ff85aab3000 	C:\WINDOWS\System32\SHCORE.dll
0x00007ff858d60000 - 0x00007ff858dbe000 	C:\WINDOWS\System32\shlwapi.dll
0x00007ff857e70000 - 0x00007ff857e96000 	C:\WINDOWS\SYSTEM32\profapi.dll
0x00007ff8463a0000 - 0x00007ff8463b9000 	C:\Program Files\Android\Android Studio\jbr\bin\net.dll
0x00007ff84e2c0000 - 0x00007ff84e3f7000 	C:\WINDOWS\SYSTEM32\WINHTTP.dll
0x00007ff8574c0000 - 0x00007ff857529000 	C:\WINDOWS\system32\mswsock.dll
0x00007ff846300000 - 0x00007ff846316000 	C:\Program Files\Android\Android Studio\jbr\bin\nio.dll
0x00007ff846da0000 - 0x00007ff846db0000 	C:\Program Files\Android\Android Studio\jbr\bin\verify.dll
0x00007ff829540000 - 0x00007ff829567000 	C:\Users\tuank\.gradle\native\68d5fa5c4cc2d200863cafc0d521ce42e7d3e7ee720ec0a83991735586a16f82\windows-amd64\native-platform.dll
0x00007ff817480000 - 0x00007ff8175c4000 	C:\Users\tuank\.gradle\native\e376f236ea51e6404a007f0833ffe2c6e607c4080706a723a18a27aeea778392\windows-amd64\native-platform-file-events.dll
0x00007ff846490000 - 0x00007ff846499000 	C:\Program Files\Android\Android Studio\jbr\bin\management.dll
0x00007ff846390000 - 0x00007ff84639b000 	C:\Program Files\Android\Android Studio\jbr\bin\management_ext.dll
0x00007ff85a6c0000 - 0x00007ff85a6c8000 	C:\WINDOWS\System32\PSAPI.DLL
0x00007ff8576e0000 - 0x00007ff8576fb000 	C:\WINDOWS\SYSTEM32\CRYPTSP.dll
0x00007ff856f30000 - 0x00007ff856f65000 	C:\WINDOWS\system32\rsaenh.dll
0x00007ff857580000 - 0x00007ff8575ac000 	C:\WINDOWS\SYSTEM32\USERENV.dll
0x00007ff857910000 - 0x00007ff857938000 	C:\WINDOWS\SYSTEM32\bcrypt.dll
0x00007ff857700000 - 0x00007ff85770c000 	C:\WINDOWS\SYSTEM32\CRYPTBASE.dll
0x00007ff8569d0000 - 0x00007ff8569fd000 	C:\WINDOWS\SYSTEM32\IPHLPAPI.DLL
0x00007ff859e50000 - 0x00007ff859e59000 	C:\WINDOWS\System32\NSI.dll
0x00007ff84e280000 - 0x00007ff84e299000 	C:\WINDOWS\SYSTEM32\dhcpcsvc6.DLL
0x00007ff84e260000 - 0x00007ff84e27f000 	C:\WINDOWS\SYSTEM32\dhcpcsvc.DLL
0x00007ff856a40000 - 0x00007ff856b32000 	C:\WINDOWS\SYSTEM32\DNSAPI.dll
0x00007ff846270000 - 0x00007ff846278000 	C:\WINDOWS\system32\wshunix.dll

dbghelp: loaded successfully - version: 4.0.5 - missing functions: none
symbol engine: initialized successfully - sym options: 0x614 - pdb path: .;C:\Program Files\Android\Android Studio\jbr\bin;C:\WINDOWS\SYSTEM32;C:\WINDOWS\WinSxS\amd64_microsoft.windows.common-controls_6595b64144ccf1df_6.0.22621.2215_none_270d72677387dfc3;C:\Program Files\Android\Android Studio\jbr\bin\server;C:\Users\tuank\.gradle\native\68d5fa5c4cc2d200863cafc0d521ce42e7d3e7ee720ec0a83991735586a16f82\windows-amd64;C:\Users\tuank\.gradle\native\e376f236ea51e6404a007f0833ffe2c6e607c4080706a723a18a27aeea778392\windows-amd64

VM Arguments:
jvm_args: --add-opens=java.base/java.util=ALL-UNNAMED --add-opens=java.base/java.lang=ALL-UNNAMED --add-opens=java.base/java.lang.invoke=ALL-UNNAMED --add-opens=java.prefs/java.util.prefs=ALL-UNNAMED --add-opens=java.base/java.nio.charset=ALL-UNNAMED --add-opens=java.base/java.net=ALL-UNNAMED --add-opens=java.base/java.util.concurrent.atomic=ALL-UNNAMED -Xmx2048m -Dfile.encoding=UTF-8 -Duser.country=US -Duser.language=en -Duser.variant 
java_command: org.gradle.launcher.daemon.bootstrap.GradleDaemon 8.0
java_class_path (initial): C:\Users\tuank\.gradle\wrapper\dists\gradle-8.0-bin\ca5e32bp14vu59qr306oxotwh\gradle-8.0\lib\gradle-launcher-8.0.jar
Launcher Type: SUN_STANDARD

[Global flags]
     intx CICompilerCount                          = 4                                         {product} {ergonomic}
     uint ConcGCThreads                            = 2                                         {product} {ergonomic}
     uint G1ConcRefinementThreads                  = 8                                         {product} {ergonomic}
   size_t G1HeapRegionSize                         = 1048576                                   {product} {ergonomic}
    uintx GCDrainStackTargetSize                   = 64                                        {product} {ergonomic}
   size_t InitialHeapSize                          = 65011712                                  {product} {ergonomic}
   size_t MarkStackSize                            = 4194304                                   {product} {ergonomic}
   size_t MaxHeapSize                              = 2147483648                                {product} {command line}
   size_t MaxNewSize                               = 1287651328                                {product} {ergonomic}
   size_t MinHeapDeltaBytes                        = 1048576                                   {product} {ergonomic}
   size_t MinHeapSize                              = 8388608                                   {product} {ergonomic}
    uintx NonNMethodCodeHeapSize                   = 5839372                                {pd product} {ergonomic}
    uintx NonProfiledCodeHeapSize                  = 122909434                              {pd product} {ergonomic}
    uintx ProfiledCodeHeapSize                     = 122909434                              {pd product} {ergonomic}
    uintx ReservedCodeCacheSize                    = 251658240                              {pd product} {ergonomic}
     bool SegmentedCodeCache                       = true                                      {product} {ergonomic}
   size_t SoftMaxHeapSize                          = 2147483648                             {manageable} {ergonomic}
     bool UseCompressedClassPointers               = true                           {product lp64_product} {ergonomic}
     bool UseCompressedOops                        = true                           {product lp64_product} {ergonomic}
     bool UseG1GC                                  = true                                      {product} {ergonomic}
     bool UseLargePagesIndividualAllocation        = false                                  {pd product} {ergonomic}

Logging:
Log output configuration:
 #0: stdout all=warning uptime,level,tags
 #1: stderr all=off uptime,level,tags

Environment Variables:
JAVA_HOME=C:\Program Files\Java\jdk-20
PATH=C:\Program Files\Common Files\Oracle\Java\javapath;C:\Program Files (x86)\Common Files\Oracle\Java\javapath;C:\WINDOWS\system32;C:\WINDOWS;C:\WINDOWS\System32\Wbem;C:\WINDOWS\System32\WindowsPowerShell\v1.0\;C:\WINDOWS\System32\OpenSSH\;C:\Program Files\Polyspace\R2019b\runtime\win64;C:\Program Files\Polyspace\R2019b\bin;C:\Program Files\Polyspace\R2019b\polyspace\bin;C:\Program Files\Java\jdk-20\bin;C:\spark\spark-3.4.0-bin-hadoop3\bin;C:\Program Files\MongoDB\Server\6.0\bin;C:\Program Files\Git\cmd;C:\Program Files\Docker\Docker\resources\bin;C:\Users\tuank\AppData\Local\Programs\Python\Python311\Scripts\;C:\Users\tuank\AppData\Local\Programs\Python\Python311\;C:\Users\tuank\AppData\Local\Microsoft\WindowsApps;C:\Users\tuank\AppData\Local\Programs\Microsoft VS Code\bin;C:\spark\spark-3.4.0-bin-hadoop3\bin;C:\Program Files\JetBrains\PyCharm Community Edition 2023.1.1\bin;C:\Program Files\Java\jdk-20\bin;C:\Users\tuank\AppData\Local\Coursier\data\bin;C:\Program Files\JetBrains\IntelliJ IDEA 2023.1.2\bin;;C:\Users\tuank\AppData\Local\Microsoft\WindowsApps;C:\Users\tuank\Downloads\mongosh-1.10.1-win32-x64\mongosh-1.10.1-win32-x64\bin
USERNAME=tuank
OS=Windows_NT
PROCESSOR_IDENTIFIER=Intel64 Family 6 Model 126 Stepping 5, GenuineIntel
TMP=C:\Users\tuank\AppData\Local\Temp
TEMP=C:\Users\tuank\AppData\Local\Temp


JNI global refs:
JNI global refs: 24, weak refs: 1

JNI global refs memory usage: 843, weak refs: 841


---------------  S Y S T E M  ---------------

OS:
 Windows 11 , 64 bit Build 22621 (10.0.22621.2215)
OS uptime: 3 days 16:19 hours
Hyper-V role detected

CPU: total 8 (initial active 8) (4 cores per cpu, 2 threads per core) family 6 model 126 stepping 5 microcode 0xbc, cx8, cmov, fxsr, ht, mmx, 3dnowpref, sse, sse2, sse3, ssse3, sse4.1, sse4.2, popcnt, lzcnt, tsc, tscinvbit, avx, avx2, aes, erms, clmul, bmi1, bmi2, adx, avx512f, avx512dq, avx512cd, avx512bw, avx512vl, sha, fma, vzeroupper, avx512_vpopcntdq, avx512_vpclmulqdq, avx512_vaes, avx512_vnni, clflush, clflushopt, avx512_vbmi2, avx512_vbmi, hv

Memory: 4k page, system-wide physical 3863M (215M free)
TotalPageFile size 15639M (AvailPageFile size 4M)
current process WorkingSet (physical memory assigned to process): 136M, peak: 145M
current process commit charge ("private bytes"): 246M, peak: 246M

vm_info: OpenJDK 64-Bit Server VM (17.0.6+0-b2043.56-10027231) for windows-amd64 JRE (17.0.6+0-b2043.56-10027231), built on Apr 28 2023 00:43:19 by "androidbuild" with MS VC++ 16.10 / 16.11 (VS2019)

END.
